2025-10-27 10:58:13.912 +07:00 [INF] Request starting HTTP/2 GET https://localhost:44372/ - null null
2025-10-27 10:58:14.112 +07:00 [INF] Application started. Press Ctrl+C to shut down.
2025-10-27 10:58:14.115 +07:00 [INF] Hosting environment: Development
2025-10-27 10:58:14.116 +07:00 [INF] Content root path: D:\DUYHK\Project\2025\Fiingroup-website\6.FE\Portal1
2025-10-27 10:58:15.881 +07:00 [INF] Executed DbCommand (75ms) [Parameters=[@__slug_0='?' (Size = 4000), @__language_1='?' (Size = 10)], CommandType='"Text"', CommandTimeout='30']
SELECT TOP(1) [l].[Id], [l].[Acction], [l].[Area], [l].[Changefreq], [l].[Controller], [l].[Delete], [l].[Description], [l].[FacebookBanner], [l].[FacebookDescription], [l].[FocusKeywords], [l].[GooglePlusDescription], [l].[IncludeSitemap], [l].[IsStatic], [l].[Keywords], [l].[Language], [l].[Lastmod], [l].[MetaRobotsAdvance], [l].[MetaRobotsFollow], [l].[MetaRobotsIndex], [l].[Name], [l].[ObjectId], [l].[Parrams], [l].[PortalId], [l].[Priority], [l].[Redirect301], [l].[Slug], [l].[Status], [l].[Title], [l].[Type]
FROM [Link] AS [l]
WHERE [l].[Slug] = @__slug_0 AND [l].[Language] = @__language_1
2025-10-27 10:58:15.923 +07:00 [INF] Route matched with {action = "Page404", controller = "Home"}. Executing controller action with signature Microsoft.AspNetCore.Mvc.IActionResult Page404(System.String) on controller PT.UI.Controllers.HomeController (PT.UI).
2025-10-27 10:58:15.948 +07:00 [INF] Executing ViewResult, running view _Home404.
2025-10-27 10:58:16.273 +07:00 [INF] Executed DbCommand (10ms) [Parameters=[@__code_0='?' (Size = 4000), @__language_1='?' (Size = 4000), @__portalId_2='?' (DbType = Int32)], CommandType='"Text"', CommandTimeout='30']
SELECT TOP(1) [m].[Id], [m].[Code], [m].[Content], [m].[Delete], [m].[HasChildrentClass1], [m].[HasChildrentClass2], [m].[HasChildrentClass3], [m].[Language], [m].[Name], [m].[PortalId], [m].[Status], [m].[Template], [m].[Template1], [m].[Template2], [m].[Template3]
FROM [Menu] AS [m]
WHERE [m].[Code] = @__code_0 AND [m].[Delete] = CAST(0 AS bit) AND [m].[Language] = @__language_1 AND [m].[PortalId] = @__portalId_2
2025-10-27 10:58:16.312 +07:00 [INF] Executed DbCommand (9ms) [Parameters=[@__code_0='?' (Size = 4000), @__language_1='?' (Size = 10), @__portalId_2='?' (DbType = Int32)], CommandType='"Text"', CommandTimeout='30']
SELECT TOP(1) [s].[Id], [s].[Code], [s].[Content], [s].[Data], [s].[Delete], [s].[Language], [s].[Name], [s].[ParentId], [s].[PortalId], [s].[Status]
FROM [StaticInformation] AS [s]
WHERE [s].[Code] = @__code_0 AND [s].[Delete] = CAST(0 AS bit) AND [s].[Language] = @__language_1 AND [s].[PortalId] = @__portalId_2
2025-10-27 10:58:16.331 +07:00 [INF] Executed DbCommand (8ms) [Parameters=[@__code_0='?' (Size = 4000), @__language_1='?' (Size = 10), @__portalId_2='?' (DbType = Int32)], CommandType='"Text"', CommandTimeout='30']
SELECT TOP(1) [s].[Id], [s].[Code], [s].[Content], [s].[Data], [s].[Delete], [s].[Language], [s].[Name], [s].[ParentId], [s].[PortalId], [s].[Status]
FROM [StaticInformation] AS [s]
WHERE [s].[Code] = @__code_0 AND [s].[Delete] = CAST(0 AS bit) AND [s].[Language] = @__language_1 AND [s].[PortalId] = @__portalId_2
2025-10-27 10:58:16.386 +07:00 [INF] Executed ViewResult - view _Home404 executed in 440.8971ms.
2025-10-27 10:58:16.391 +07:00 [INF] Executed action PT.UI.Controllers.HomeController.Page404 (PT.UI) in 467.3681ms
2025-10-27 10:58:16.407 +07:00 [INF] Request starting HTTP/2 GET https://localhost:44372/assets/css/bootstrap.min.css - null null
2025-10-27 10:58:16.408 +07:00 [INF] Request starting HTTP/2 GET https://localhost:44372/assets/css/all-fontawesome.min.css - null null
2025-10-27 10:58:16.410 +07:00 [INF] Request starting HTTP/2 GET https://localhost:44372/assets/css/animate.min.css - null null
2025-10-27 10:58:16.418 +07:00 [INF] Request starting HTTP/2 GET https://localhost:44372/assets/css/magnific-popup.min.css - null null
2025-10-27 10:58:16.497 +07:00 [INF] Request starting HTTP/2 GET https://localhost:44372/assets/css/style.css - null null
2025-10-27 10:58:16.499 +07:00 [INF] Request starting HTTP/2 GET https://localhost:44372/Data/Logo/Logo-ATV.png - null null
2025-10-27 10:58:16.501 +07:00 [INF] Request finished HTTP/2 GET https://localhost:44372/ - 200 null text/html; charset=utf-8 2596.6773ms
2025-10-27 10:58:16.502 +07:00 [INF] Request starting HTTP/2 GET https://localhost:44372/assets/css/owl.carousel.min.css - null null
2025-10-27 10:58:16.505 +07:00 [INF] Request starting HTTP/2 GET https://localhost:44372/assets/js/jquery.magnific-popup.min.js - null null
2025-10-27 10:58:16.542 +07:00 [INF] Request starting HTTP/2 GET https://localhost:44372/_vs/browserLink - null null
2025-10-27 10:58:16.547 +07:00 [INF] Request starting HTTP/2 GET https://localhost:44372/assets/js/jquery.easing.min.js - null null
2025-10-27 10:58:16.552 +07:00 [INF] Request starting HTTP/2 GET https://localhost:44372/assets/js/wow.min.js - null null
2025-10-27 10:58:16.557 +07:00 [INF] Request starting HTTP/2 GET https://localhost:44372/assets/js/main.js - null null
2025-10-27 10:58:16.560 +07:00 [INF] Request starting HTTP/2 GET https://localhost:44372/assets/js/owl.carousel.min.js - null null
2025-10-27 10:58:16.589 +07:00 [INF] Request starting HTTP/2 GET https://localhost:44372/assets/js/counter-up.js - null null
2025-10-27 10:58:16.593 +07:00 [INF] Request starting HTTP/2 GET https://localhost:44372/_framework/aspnetcore-browser-refresh.js - null null
2025-10-27 10:58:16.595 +07:00 [INF] Request starting HTTP/2 GET https://localhost:44372/assets/js/isotope.pkgd.min.js - null null
2025-10-27 10:58:16.601 +07:00 [INF] Request finished HTTP/2 GET https://localhost:44372/_framework/aspnetcore-browser-refresh.js - 200 16495 application/javascript; charset=utf-8 4.9291ms
2025-10-27 10:58:16.604 +07:00 [INF] Request starting HTTP/2 GET https://localhost:44372/assets/js/imagesloaded.pkgd.min.js - null null
2025-10-27 10:58:16.604 +07:00 [INF] Request starting HTTP/2 GET https://localhost:44372/assets/js/bootstrap.bundle.min.js - null null
2025-10-27 10:58:16.605 +07:00 [INF] Request starting HTTP/2 GET https://localhost:44372/assets/js/jquery-3.6.0.min.js - null null
2025-10-27 10:58:16.606 +07:00 [INF] Request starting HTTP/2 GET https://localhost:44372/assets/js/jquery.appear.min.js - null null
2025-10-27 10:58:16.608 +07:00 [INF] Sending file. Request path: '/Data/Logo/Logo-ATV.png'. Physical path: 'D:\DUYHK\Project\2025\Fiingroup-website\6.FE\Portal1\wwwroot\Data\Logo\Logo-ATV.png'
2025-10-27 10:58:16.608 +07:00 [INF] Sending file. Request path: '/assets/js/jquery.appear.min.js'. Physical path: 'D:\DUYHK\Project\2025\Fiingroup-website\6.FE\Portal1\wwwroot\assets\js\jquery.appear.min.js'
2025-10-27 10:58:16.608 +07:00 [INF] Sending file. Request path: '/assets/js/jquery.easing.min.js'. Physical path: 'D:\DUYHK\Project\2025\Fiingroup-website\6.FE\Portal1\wwwroot\assets\js\jquery.easing.min.js'
2025-10-27 10:58:16.608 +07:00 [INF] Sending file. Request path: '/assets/js/wow.min.js'. Physical path: 'D:\DUYHK\Project\2025\Fiingroup-website\6.FE\Portal1\wwwroot\assets\js\wow.min.js'
2025-10-27 10:58:16.608 +07:00 [INF] Sending file. Request path: '/assets/js/jquery.magnific-popup.min.js'. Physical path: 'D:\DUYHK\Project\2025\Fiingroup-website\6.FE\Portal1\wwwroot\assets\js\jquery.magnific-popup.min.js'
2025-10-27 10:58:16.608 +07:00 [INF] Sending file. Request path: '/assets/css/magnific-popup.min.css'. Physical path: 'D:\DUYHK\Project\2025\Fiingroup-website\6.FE\Portal1\wwwroot\assets\css\magnific-popup.min.css'
2025-10-27 10:58:16.608 +07:00 [INF] Sending file. Request path: '/assets/css/owl.carousel.min.css'. Physical path: 'D:\DUYHK\Project\2025\Fiingroup-website\6.FE\Portal1\wwwroot\assets\css\owl.carousel.min.css'
2025-10-27 10:58:16.608 +07:00 [INF] Request finished HTTP/2 GET https://localhost:44372/assets/js/wow.min.js - 200 8183 text/javascript 59.9676ms
2025-10-27 10:58:16.608 +07:00 [INF] Sending file. Request path: '/assets/js/imagesloaded.pkgd.min.js'. Physical path: 'D:\DUYHK\Project\2025\Fiingroup-website\6.FE\Portal1\wwwroot\assets\js\imagesloaded.pkgd.min.js'
2025-10-27 10:58:16.608 +07:00 [INF] Request finished HTTP/2 GET https://localhost:44372/assets/js/jquery.magnific-popup.min.js - 200 20219 text/javascript 103.5388ms
2025-10-27 10:58:16.608 +07:00 [INF] Sending file. Request path: '/assets/js/main.js'. Physical path: 'D:\DUYHK\Project\2025\Fiingroup-website\6.FE\Portal1\wwwroot\assets\js\main.js'
2025-10-27 10:58:16.608 +07:00 [INF] Sending file. Request path: '/assets/js/bootstrap.bundle.min.js'. Physical path: 'D:\DUYHK\Project\2025\Fiingroup-website\6.FE\Portal1\wwwroot\assets\js\bootstrap.bundle.min.js'
2025-10-27 10:58:16.608 +07:00 [INF] Sending file. Request path: '/assets/js/jquery-3.6.0.min.js'. Physical path: 'D:\DUYHK\Project\2025\Fiingroup-website\6.FE\Portal1\wwwroot\assets\js\jquery-3.6.0.min.js'
2025-10-27 10:58:16.608 +07:00 [INF] Sending file. Request path: '/assets/js/owl.carousel.min.js'. Physical path: 'D:\DUYHK\Project\2025\Fiingroup-website\6.FE\Portal1\wwwroot\assets\js\owl.carousel.min.js'
2025-10-27 10:58:16.608 +07:00 [INF] Sending file. Request path: '/assets/js/counter-up.js'. Physical path: 'D:\DUYHK\Project\2025\Fiingroup-website\6.FE\Portal1\wwwroot\assets\js\counter-up.js'
2025-10-27 10:58:16.608 +07:00 [INF] Request finished HTTP/2 GET https://localhost:44372/assets/js/jquery.appear.min.js - 200 1266 text/javascript 2.2979ms
2025-10-27 10:58:16.608 +07:00 [INF] Request finished HTTP/2 GET https://localhost:44372/assets/js/jquery.easing.min.js - 200 2532 text/javascript 64.7012ms
2025-10-27 10:58:16.609 +07:00 [INF] Request finished HTTP/2 GET https://localhost:44372/assets/js/counter-up.js - 200 2621 text/javascript 20.0181ms
2025-10-27 10:58:16.608 +07:00 [INF] Sending file. Request path: '/assets/js/isotope.pkgd.min.js'. Physical path: 'D:\DUYHK\Project\2025\Fiingroup-website\6.FE\Portal1\wwwroot\assets\js\isotope.pkgd.min.js'
2025-10-27 10:58:16.608 +07:00 [INF] Request finished HTTP/2 GET https://localhost:44372/assets/js/imagesloaded.pkgd.min.js - 200 5600 text/javascript 4.2943ms
2025-10-27 10:58:16.609 +07:00 [INF] Request finished HTTP/2 GET https://localhost:44372/assets/js/main.js - 200 7148 text/javascript 52.8091ms
2025-10-27 10:58:16.608 +07:00 [INF] Sending file. Request path: '/assets/css/animate.min.css'. Physical path: 'D:\DUYHK\Project\2025\Fiingroup-website\6.FE\Portal1\wwwroot\assets\css\animate.min.css'
2025-10-27 10:58:16.609 +07:00 [INF] Request starting HTTP/2 GET https://localhost:44372/assets/js/modernizr.min.js - null null
2025-10-27 10:58:16.609 +07:00 [INF] Request starting HTTP/2 GET https://localhost:44372/assets/css/custom.css - null null
2025-10-27 10:58:16.610 +07:00 [INF] Sending file. Request path: '/assets/css/style.css'. Physical path: 'D:\DUYHK\Project\2025\Fiingroup-website\6.FE\Portal1\wwwroot\assets\css\style.css'
2025-10-27 10:58:16.610 +07:00 [INF] Request finished HTTP/2 GET https://localhost:44372/assets/css/magnific-popup.min.css - 200 null text/css 192.0749ms
2025-10-27 10:58:16.610 +07:00 [INF] Request finished HTTP/2 GET https://localhost:44372/assets/css/owl.carousel.min.css - 200 null text/css 107.9476ms
2025-10-27 10:58:16.611 +07:00 [INF] Sending file. Request path: '/assets/js/modernizr.min.js'. Physical path: 'D:\DUYHK\Project\2025\Fiingroup-website\6.FE\Portal1\wwwroot\assets\js\modernizr.min.js'
2025-10-27 10:58:16.611 +07:00 [INF] Request finished HTTP/2 GET https://localhost:44372/assets/js/modernizr.min.js - 200 11084 text/javascript 1.7784ms
2025-10-27 10:58:16.611 +07:00 [INF] Sending file. Request path: '/assets/css/custom.css'. Physical path: 'D:\DUYHK\Project\2025\Fiingroup-website\6.FE\Portal1\wwwroot\assets\css\custom.css'
2025-10-27 10:58:16.611 +07:00 [INF] Request finished HTTP/2 GET https://localhost:44372/assets/css/custom.css - 200 null text/css 2.2336ms
2025-10-27 10:58:16.612 +07:00 [INF] Sending file. Request path: '/assets/css/bootstrap.min.css'. Physical path: 'D:\DUYHK\Project\2025\Fiingroup-website\6.FE\Portal1\wwwroot\assets\css\bootstrap.min.css'
2025-10-27 10:58:16.615 +07:00 [INF] Request finished HTTP/2 GET https://localhost:44372/assets/css/animate.min.css - 200 null text/css 205.2585ms
2025-10-27 10:58:16.615 +07:00 [INF] Request finished HTTP/2 GET https://localhost:44372/assets/js/owl.carousel.min.js - 200 44350 text/javascript 55.9906ms
2025-10-27 10:58:16.615 +07:00 [INF] Request finished HTTP/2 GET https://localhost:44372/assets/css/bootstrap.min.css - 200 null text/css 208.0059ms
2025-10-27 10:58:16.615 +07:00 [INF] Request finished HTTP/2 GET https://localhost:44372/assets/js/bootstrap.bundle.min.js - 200 79748 text/javascript 10.6947ms
2025-10-27 10:58:16.615 +07:00 [INF] Request finished HTTP/2 GET https://localhost:44372/assets/js/isotope.pkgd.min.js - 200 35456 text/javascript 19.897ms
2025-10-27 10:58:16.615 +07:00 [INF] Request finished HTTP/2 GET https://localhost:44372/assets/css/style.css - 200 null text/css 145.864ms
2025-10-27 10:58:16.615 +07:00 [INF] Request finished HTTP/2 GET https://localhost:44372/assets/js/jquery-3.6.0.min.js - 200 89501 text/javascript 9.7448ms
2025-10-27 10:58:16.615 +07:00 [INF] Request finished HTTP/2 GET https://localhost:44372/Data/Logo/Logo-ATV.png - 200 31303 image/png 116.8414ms
2025-10-27 10:58:16.621 +07:00 [INF] Sending file. Request path: '/assets/css/all-fontawesome.min.css'. Physical path: 'D:\DUYHK\Project\2025\Fiingroup-website\6.FE\Portal1\wwwroot\assets\css\all-fontawesome.min.css'
2025-10-27 10:58:16.623 +07:00 [INF] Request finished HTTP/2 GET https://localhost:44372/assets/css/all-fontawesome.min.css - 200 null text/css 214.269ms
2025-10-27 10:58:16.653 +07:00 [INF] Request finished HTTP/2 GET https://localhost:44372/_vs/browserLink - 200 null text/javascript; charset=UTF-8 145.14ms
2025-10-27 10:58:16.846 +07:00 [INF] Request starting HTTP/2 GET https://localhost:44372/assets/fonts/fa-regular-400.woff2 - null null
2025-10-27 10:58:16.847 +07:00 [INF] Request starting HTTP/2 GET https://localhost:44372/assets/fonts/fa-light-300.woff2 - null null
2025-10-27 10:58:16.848 +07:00 [INF] Sending file. Request path: '/assets/fonts/fa-light-300.woff2'. Physical path: 'D:\DUYHK\Project\2025\Fiingroup-website\6.FE\Portal1\wwwroot\assets\fonts\fa-light-300.woff2'
2025-10-27 10:58:16.848 +07:00 [INF] Request finished HTTP/2 GET https://localhost:44372/assets/fonts/fa-light-300.woff2 - 200 0 font/woff2 1.0973ms
2025-10-27 10:58:16.849 +07:00 [INF] Sending file. Request path: '/assets/fonts/fa-regular-400.woff2'. Physical path: 'D:\DUYHK\Project\2025\Fiingroup-website\6.FE\Portal1\wwwroot\assets\fonts\fa-regular-400.woff2'
2025-10-27 10:58:16.854 +07:00 [INF] Request finished HTTP/2 GET https://localhost:44372/assets/fonts/fa-regular-400.woff2 - 200 395444 font/woff2 7.7403ms
2025-10-27 10:58:16.877 +07:00 [INF] Request starting HTTP/2 GET https://localhost:44372/assets/fonts/fa-light-300.ttf - null null
2025-10-27 10:58:16.881 +07:00 [INF] Sending file. Request path: '/assets/fonts/fa-light-300.ttf'. Physical path: 'D:\DUYHK\Project\2025\Fiingroup-website\6.FE\Portal1\wwwroot\assets\fonts\fa-light-300.ttf'
2025-10-27 10:58:16.896 +07:00 [INF] Request finished HTTP/2 GET https://localhost:44372/assets/fonts/fa-light-300.ttf - 200 1158388 application/x-font-ttf 18.5934ms
2025-10-27 10:58:17.071 +07:00 [INF] Request starting HTTP/2 GET https://localhost:44372/favicon.ico - null null
2025-10-27 10:58:17.074 +07:00 [INF] Request finished HTTP/2 GET https://localhost:44372/favicon.ico - 404 null null 3.3218ms
2025-10-27 10:58:17.075 +07:00 [INF] Request reached the end of the middleware pipeline without being handled by application code. Request path: GET https://localhost:44372/favicon.ico, Response status code: 404
2025-10-27 10:58:17.081 +07:00 [INF] Request starting HTTP/2 GET https://localhost:44372/assets/img/logo/favicon.png - null null
2025-10-27 10:58:17.082 +07:00 [INF] Sending file. Request path: '/assets/img/logo/favicon.png'. Physical path: 'D:\DUYHK\Project\2025\Fiingroup-website\6.FE\Portal1\wwwroot\assets\img\logo\favicon.png'
2025-10-27 10:58:17.082 +07:00 [INF] Request finished HTTP/2 GET https://localhost:44372/assets/img/logo/favicon.png - 200 9186 image/png 1.0315ms
2025-10-27 10:58:36.021 +07:00 [INF] Request starting HTTP/2 GET https://localhost:44372/login - null null
2025-10-27 10:58:36.027 +07:00 [INF] Request finished HTTP/2 GET https://localhost:44372/login - 404 null null 6.5966ms
2025-10-27 10:58:36.028 +07:00 [INF] Request reached the end of the middleware pipeline without being handled by application code. Request path: GET https://localhost:44372/login, Response status code: 404
2025-10-27 10:58:38.177 +07:00 [INF] Request starting HTTP/2 GET https://localhost:44372/_framework/aspnetcore-browser-refresh.js - null null
2025-10-27 10:58:38.177 +07:00 [INF] Request finished HTTP/2 GET https://localhost:44372/_framework/aspnetcore-browser-refresh.js - 200 16495 application/javascript; charset=utf-8 0.9415ms
2025-10-27 10:58:49.641 +07:00 [INF] Request starting HTTP/2 GET https://localhost:44372/ - null null
2025-10-27 10:58:49.700 +07:00 [INF] Executed DbCommand (8ms) [Parameters=[@__slug_0='?' (Size = 4000), @__language_1='?' (Size = 10)], CommandType='"Text"', CommandTimeout='30']
SELECT TOP(1) [l].[Id], [l].[Acction], [l].[Area], [l].[Changefreq], [l].[Controller], [l].[Delete], [l].[Description], [l].[FacebookBanner], [l].[FacebookDescription], [l].[FocusKeywords], [l].[GooglePlusDescription], [l].[IncludeSitemap], [l].[IsStatic], [l].[Keywords], [l].[Language], [l].[Lastmod], [l].[MetaRobotsAdvance], [l].[MetaRobotsFollow], [l].[MetaRobotsIndex], [l].[Name], [l].[ObjectId], [l].[Parrams], [l].[PortalId], [l].[Priority], [l].[Redirect301], [l].[Slug], [l].[Status], [l].[Title], [l].[Type]
FROM [Link] AS [l]
WHERE [l].[Slug] = @__slug_0 AND [l].[Language] = @__language_1
2025-10-27 10:58:49.701 +07:00 [INF] Route matched with {action = "Page404", controller = "Home"}. Executing controller action with signature Microsoft.AspNetCore.Mvc.IActionResult Page404(System.String) on controller PT.UI.Controllers.HomeController (PT.UI).
2025-10-27 10:58:49.705 +07:00 [INF] Executing ViewResult, running view _Home404.
2025-10-27 10:58:49.708 +07:00 [INF] Executed ViewResult - view _Home404 executed in 2.7502ms.
2025-10-27 10:58:49.708 +07:00 [INF] Executed action PT.UI.Controllers.HomeController.Page404 (PT.UI) in 6.8746ms
2025-10-27 10:58:49.709 +07:00 [INF] Request finished HTTP/2 GET https://localhost:44372/ - 200 null text/html; charset=utf-8 68.7955ms
2025-10-27 10:58:49.732 +07:00 [INF] Request starting HTTP/2 GET https://localhost:44372/_vs/browserLink - null null
2025-10-27 10:58:49.732 +07:00 [INF] Request starting HTTP/2 GET https://localhost:44372/_framework/aspnetcore-browser-refresh.js - null null
2025-10-27 10:58:49.733 +07:00 [INF] Request finished HTTP/2 GET https://localhost:44372/_framework/aspnetcore-browser-refresh.js - 200 16495 application/javascript; charset=utf-8 0.8644ms
2025-10-27 10:58:49.773 +07:00 [INF] Request finished HTTP/2 GET https://localhost:44372/_vs/browserLink - 200 null text/javascript; charset=UTF-8 41.5681ms
2025-10-27 10:58:55.905 +07:00 [INF] Request starting HTTP/2 GET https://localhost:44372/lien-he.html - null null
2025-10-27 10:58:55.928 +07:00 [INF] Executed DbCommand (8ms) [Parameters=[@__slug_0='?' (Size = 4000), @__language_1='?' (Size = 10)], CommandType='"Text"', CommandTimeout='30']
SELECT TOP(1) [l].[Id], [l].[Acction], [l].[Area], [l].[Changefreq], [l].[Controller], [l].[Delete], [l].[Description], [l].[FacebookBanner], [l].[FacebookDescription], [l].[FocusKeywords], [l].[GooglePlusDescription], [l].[IncludeSitemap], [l].[IsStatic], [l].[Keywords], [l].[Language], [l].[Lastmod], [l].[MetaRobotsAdvance], [l].[MetaRobotsFollow], [l].[MetaRobotsIndex], [l].[Name], [l].[ObjectId], [l].[Parrams], [l].[PortalId], [l].[Priority], [l].[Redirect301], [l].[Slug], [l].[Status], [l].[Title], [l].[Type]
FROM [Link] AS [l]
WHERE [l].[Slug] = @__slug_0 AND [l].[Language] = @__language_1
2025-10-27 10:58:55.929 +07:00 [INF] Route matched with {action = "Page404", controller = "Home"}. Executing controller action with signature Microsoft.AspNetCore.Mvc.IActionResult Page404(System.String) on controller PT.UI.Controllers.HomeController (PT.UI).
2025-10-27 10:58:55.930 +07:00 [INF] Executing ViewResult, running view _Home404.
2025-10-27 10:58:55.931 +07:00 [INF] Executed ViewResult - view _Home404 executed in 1.1328ms.
2025-10-27 10:58:55.931 +07:00 [INF] Executed action PT.UI.Controllers.HomeController.Page404 (PT.UI) in 2.5018ms
2025-10-27 10:58:55.932 +07:00 [INF] Request finished HTTP/2 GET https://localhost:44372/lien-he.html - 200 null text/html; charset=utf-8 26.1719ms
2025-10-27 10:58:55.951 +07:00 [INF] Request starting HTTP/2 GET https://localhost:44372/_vs/browserLink - null null
2025-10-27 10:58:55.955 +07:00 [INF] Request starting HTTP/2 GET https://localhost:44372/_framework/aspnetcore-browser-refresh.js - null null
2025-10-27 10:58:55.955 +07:00 [INF] Request finished HTTP/2 GET https://localhost:44372/_framework/aspnetcore-browser-refresh.js - 200 16495 application/javascript; charset=utf-8 0.5697ms
2025-10-27 10:58:55.965 +07:00 [INF] Request finished HTTP/2 GET https://localhost:44372/_vs/browserLink - 200 null text/javascript; charset=UTF-8 14.1789ms
2025-10-27 10:58:57.883 +07:00 [INF] Request starting HTTP/2 GET https://localhost:44372/ - null null
2025-10-27 10:58:57.894 +07:00 [INF] Executed DbCommand (7ms) [Parameters=[@__slug_0='?' (Size = 4000), @__language_1='?' (Size = 10)], CommandType='"Text"', CommandTimeout='30']
SELECT TOP(1) [l].[Id], [l].[Acction], [l].[Area], [l].[Changefreq], [l].[Controller], [l].[Delete], [l].[Description], [l].[FacebookBanner], [l].[FacebookDescription], [l].[FocusKeywords], [l].[GooglePlusDescription], [l].[IncludeSitemap], [l].[IsStatic], [l].[Keywords], [l].[Language], [l].[Lastmod], [l].[MetaRobotsAdvance], [l].[MetaRobotsFollow], [l].[MetaRobotsIndex], [l].[Name], [l].[ObjectId], [l].[Parrams], [l].[PortalId], [l].[Priority], [l].[Redirect301], [l].[Slug], [l].[Status], [l].[Title], [l].[Type]
FROM [Link] AS [l]
WHERE [l].[Slug] = @__slug_0 AND [l].[Language] = @__language_1
2025-10-27 10:58:57.894 +07:00 [INF] Route matched with {action = "Page404", controller = "Home"}. Executing controller action with signature Microsoft.AspNetCore.Mvc.IActionResult Page404(System.String) on controller PT.UI.Controllers.HomeController (PT.UI).
2025-10-27 10:58:57.894 +07:00 [INF] Executing ViewResult, running view _Home404.
2025-10-27 10:58:57.895 +07:00 [INF] Executed ViewResult - view _Home404 executed in 0.8842ms.
2025-10-27 10:58:57.895 +07:00 [INF] Executed action PT.UI.Controllers.HomeController.Page404 (PT.UI) in 1.0822ms
2025-10-27 10:58:57.896 +07:00 [INF] Request finished HTTP/2 GET https://localhost:44372/ - 200 null text/html; charset=utf-8 12.7342ms
2025-10-27 10:58:57.917 +07:00 [INF] Request starting HTTP/2 GET https://localhost:44372/_vs/browserLink - null null
2025-10-27 10:58:57.917 +07:00 [INF] Request starting HTTP/2 GET https://localhost:44372/_framework/aspnetcore-browser-refresh.js - null null
2025-10-27 10:58:57.918 +07:00 [INF] Request finished HTTP/2 GET https://localhost:44372/_framework/aspnetcore-browser-refresh.js - 200 16495 application/javascript; charset=utf-8 0.5998ms
2025-10-27 10:58:57.928 +07:00 [INF] Request finished HTTP/2 GET https://localhost:44372/_vs/browserLink - 200 null text/javascript; charset=UTF-8 10.7361ms
2025-10-27 10:58:58.690 +07:00 [INF] Request starting HTTP/2 GET https://localhost:44372/gioi-thieu.html - null null
2025-10-27 10:58:58.701 +07:00 [INF] Executed DbCommand (7ms) [Parameters=[@__slug_0='?' (Size = 4000), @__language_1='?' (Size = 10)], CommandType='"Text"', CommandTimeout='30']
SELECT TOP(1) [l].[Id], [l].[Acction], [l].[Area], [l].[Changefreq], [l].[Controller], [l].[Delete], [l].[Description], [l].[FacebookBanner], [l].[FacebookDescription], [l].[FocusKeywords], [l].[GooglePlusDescription], [l].[IncludeSitemap], [l].[IsStatic], [l].[Keywords], [l].[Language], [l].[Lastmod], [l].[MetaRobotsAdvance], [l].[MetaRobotsFollow], [l].[MetaRobotsIndex], [l].[Name], [l].[ObjectId], [l].[Parrams], [l].[PortalId], [l].[Priority], [l].[Redirect301], [l].[Slug], [l].[Status], [l].[Title], [l].[Type]
FROM [Link] AS [l]
WHERE [l].[Slug] = @__slug_0 AND [l].[Language] = @__language_1
2025-10-27 10:58:58.701 +07:00 [INF] Route matched with {action = "Page404", controller = "Home"}. Executing controller action with signature Microsoft.AspNetCore.Mvc.IActionResult Page404(System.String) on controller PT.UI.Controllers.HomeController (PT.UI).
2025-10-27 10:58:58.701 +07:00 [INF] Executing ViewResult, running view _Home404.
2025-10-27 10:58:58.702 +07:00 [INF] Executed ViewResult - view _Home404 executed in 0.7222ms.
2025-10-27 10:58:58.702 +07:00 [INF] Executed action PT.UI.Controllers.HomeController.Page404 (PT.UI) in 0.8731ms
2025-10-27 10:58:58.702 +07:00 [INF] Request finished HTTP/2 GET https://localhost:44372/gioi-thieu.html - 200 null text/html; charset=utf-8 11.5538ms
2025-10-27 10:58:58.720 +07:00 [INF] Request starting HTTP/2 GET https://localhost:44372/_vs/browserLink - null null
2025-10-27 10:58:58.722 +07:00 [INF] Request starting HTTP/2 GET https://localhost:44372/_framework/aspnetcore-browser-refresh.js - null null
2025-10-27 10:58:58.726 +07:00 [INF] Request finished HTTP/2 GET https://localhost:44372/_framework/aspnetcore-browser-refresh.js - 200 16495 application/javascript; charset=utf-8 3.1833ms
2025-10-27 10:58:58.739 +07:00 [INF] Request finished HTTP/2 GET https://localhost:44372/_vs/browserLink - 200 null text/javascript; charset=UTF-8 18.6487ms
2025-10-27 10:58:59.729 +07:00 [INF] Request starting HTTP/2 GET https://localhost:44372/ - null null
2025-10-27 10:58:59.741 +07:00 [INF] Executed DbCommand (9ms) [Parameters=[@__slug_0='?' (Size = 4000), @__language_1='?' (Size = 10)], CommandType='"Text"', CommandTimeout='30']
SELECT TOP(1) [l].[Id], [l].[Acction], [l].[Area], [l].[Changefreq], [l].[Controller], [l].[Delete], [l].[Description], [l].[FacebookBanner], [l].[FacebookDescription], [l].[FocusKeywords], [l].[GooglePlusDescription], [l].[IncludeSitemap], [l].[IsStatic], [l].[Keywords], [l].[Language], [l].[Lastmod], [l].[MetaRobotsAdvance], [l].[MetaRobotsFollow], [l].[MetaRobotsIndex], [l].[Name], [l].[ObjectId], [l].[Parrams], [l].[PortalId], [l].[Priority], [l].[Redirect301], [l].[Slug], [l].[Status], [l].[Title], [l].[Type]
FROM [Link] AS [l]
WHERE [l].[Slug] = @__slug_0 AND [l].[Language] = @__language_1
2025-10-27 10:58:59.742 +07:00 [INF] Route matched with {action = "Page404", controller = "Home"}. Executing controller action with signature Microsoft.AspNetCore.Mvc.IActionResult Page404(System.String) on controller PT.UI.Controllers.HomeController (PT.UI).
2025-10-27 10:58:59.742 +07:00 [INF] Executing ViewResult, running view _Home404.
2025-10-27 10:58:59.743 +07:00 [INF] Executed ViewResult - view _Home404 executed in 1.0661ms.
2025-10-27 10:58:59.743 +07:00 [INF] Executed action PT.UI.Controllers.HomeController.Page404 (PT.UI) in 1.2536ms
2025-10-27 10:58:59.744 +07:00 [INF] Request finished HTTP/2 GET https://localhost:44372/ - 200 null text/html; charset=utf-8 14.4901ms
2025-10-27 10:58:59.765 +07:00 [INF] Request starting HTTP/2 GET https://localhost:44372/_vs/browserLink - null null
2025-10-27 10:58:59.765 +07:00 [INF] Request starting HTTP/2 GET https://localhost:44372/_framework/aspnetcore-browser-refresh.js - null null
2025-10-27 10:58:59.766 +07:00 [INF] Request finished HTTP/2 GET https://localhost:44372/_framework/aspnetcore-browser-refresh.js - 200 16495 application/javascript; charset=utf-8 0.6146ms
2025-10-27 10:58:59.776 +07:00 [INF] Request finished HTTP/2 GET https://localhost:44372/_vs/browserLink - 200 null text/javascript; charset=UTF-8 10.9381ms
2025-10-27 14:08:34.056 +07:00 [INF] Request starting HTTP/2 GET https://localhost:44372/ - null null
2025-10-27 14:08:34.284 +07:00 [INF] Application started. Press Ctrl+C to shut down.
2025-10-27 14:08:34.285 +07:00 [INF] Hosting environment: Development
2025-10-27 14:08:34.285 +07:00 [INF] Content root path: D:\DUYHK\Project\2025\Fiingroup-website\6.FE\Portal2
2025-10-27 14:08:36.003 +07:00 [INF] Executed DbCommand (57ms) [Parameters=[@__slug_0='?' (Size = 4000), @__language_1='?' (Size = 10)], CommandType='"Text"', CommandTimeout='30']
SELECT TOP(1) [l].[Id], [l].[Acction], [l].[Area], [l].[Changefreq], [l].[Controller], [l].[Delete], [l].[Description], [l].[FacebookBanner], [l].[FacebookDescription], [l].[FocusKeywords], [l].[GooglePlusDescription], [l].[IncludeSitemap], [l].[IsStatic], [l].[Keywords], [l].[Language], [l].[Lastmod], [l].[MetaRobotsAdvance], [l].[MetaRobotsFollow], [l].[MetaRobotsIndex], [l].[Name], [l].[ObjectId], [l].[Parrams], [l].[PortalId], [l].[Priority], [l].[Redirect301], [l].[Slug], [l].[Status], [l].[Title], [l].[Type]
FROM [Link] AS [l]
WHERE [l].[Slug] = @__slug_0 AND [l].[Language] = @__language_1
2025-10-27 14:08:36.049 +07:00 [INF] Route matched with {action = "Page404", controller = "Home"}. Executing controller action with signature Microsoft.AspNetCore.Mvc.IActionResult Page404(System.String) on controller PT.UI.Controllers.HomeController (PT.UI).
2025-10-27 14:08:36.071 +07:00 [INF] Executing ViewResult, running view _Home404.
2025-10-27 14:08:36.396 +07:00 [INF] Executed DbCommand (10ms) [Parameters=[@__code_0='?' (Size = 4000), @__language_1='?' (Size = 4000), @__portalId_2='?' (DbType = Int32)], CommandType='"Text"', CommandTimeout='30']
SELECT TOP(1) [m].[Id], [m].[Code], [m].[Content], [m].[Delete], [m].[HasChildrentClass1], [m].[HasChildrentClass2], [m].[HasChildrentClass3], [m].[Language], [m].[Name], [m].[PortalId], [m].[Status], [m].[Template], [m].[Template1], [m].[Template2], [m].[Template3]
FROM [Menu] AS [m]
WHERE [m].[Code] = @__code_0 AND [m].[Delete] = CAST(0 AS bit) AND [m].[Language] = @__language_1 AND [m].[PortalId] = @__portalId_2
2025-10-27 14:08:36.437 +07:00 [INF] Executed DbCommand (8ms) [Parameters=[@__code_0='?' (Size = 4000), @__language_1='?' (Size = 10), @__portalId_2='?' (DbType = Int32)], CommandType='"Text"', CommandTimeout='30']
SELECT TOP(1) [s].[Id], [s].[Code], [s].[Content], [s].[Data], [s].[Delete], [s].[Language], [s].[Name], [s].[ParentId], [s].[PortalId], [s].[Status]
FROM [StaticInformation] AS [s]
WHERE [s].[Code] = @__code_0 AND [s].[Delete] = CAST(0 AS bit) AND [s].[Language] = @__language_1 AND [s].[PortalId] = @__portalId_2
2025-10-27 14:08:36.453 +07:00 [INF] Executed DbCommand (7ms) [Parameters=[@__code_0='?' (Size = 4000), @__language_1='?' (Size = 10), @__portalId_2='?' (DbType = Int32)], CommandType='"Text"', CommandTimeout='30']
SELECT TOP(1) [s].[Id], [s].[Code], [s].[Content], [s].[Data], [s].[Delete], [s].[Language], [s].[Name], [s].[ParentId], [s].[PortalId], [s].[Status]
FROM [StaticInformation] AS [s]
WHERE [s].[Code] = @__code_0 AND [s].[Delete] = CAST(0 AS bit) AND [s].[Language] = @__language_1 AND [s].[PortalId] = @__portalId_2
2025-10-27 14:08:36.501 +07:00 [INF] Executed ViewResult - view _Home404 executed in 435.1634ms.
2025-10-27 14:08:36.507 +07:00 [INF] Executed action PT.UI.Controllers.HomeController.Page404 (PT.UI) in 456.8324ms
2025-10-27 14:08:36.526 +07:00 [INF] Request finished HTTP/2 GET https://localhost:44372/ - 200 null text/html; charset=utf-8 2481.8603ms
2025-10-27 14:08:36.558 +07:00 [INF] Request starting HTTP/2 GET https://localhost:44372/_vs/browserLink - null null
2025-10-27 14:08:36.559 +07:00 [INF] Request starting HTTP/2 GET https://localhost:44372/_framework/aspnetcore-browser-refresh.js - null null
2025-10-27 14:08:36.562 +07:00 [INF] Request finished HTTP/2 GET https://localhost:44372/_framework/aspnetcore-browser-refresh.js - 200 16495 application/javascript; charset=utf-8 2.6651ms
2025-10-27 14:08:36.657 +07:00 [INF] Request finished HTTP/2 GET https://localhost:44372/_vs/browserLink - 200 null text/javascript; charset=UTF-8 98.8471ms
2025-10-27 14:08:36.750 +07:00 [INF] Request starting HTTP/2 GET https://localhost:44372/favicon.ico - null null
2025-10-27 14:08:36.754 +07:00 [INF] Request finished HTTP/2 GET https://localhost:44372/favicon.ico - 404 null null 4.0913ms
2025-10-27 14:08:36.754 +07:00 [INF] Request reached the end of the middleware pipeline without being handled by application code. Request path: GET https://localhost:44372/favicon.ico, Response status code: 404
2025-10-27 14:18:48.664 +07:00 [INF] Request starting HTTP/2 GET https://localhost:44372/ - null null
2025-10-27 14:18:48.768 +07:00 [INF] Application started. Press Ctrl+C to shut down.
2025-10-27 14:18:48.768 +07:00 [INF] Hosting environment: Development
2025-10-27 14:18:48.768 +07:00 [INF] Content root path: D:\DUYHK\Project\2025\Fiingroup-website\6.FE\Portal2
2025-10-27 14:18:50.313 +07:00 [INF] Executed DbCommand (83ms) [Parameters=[@__slug_0='?' (Size = 4000), @__language_1='?' (Size = 10)], CommandType='"Text"', CommandTimeout='30']
SELECT TOP(1) [l].[Id], [l].[Acction], [l].[Area], [l].[Changefreq], [l].[Controller], [l].[Delete], [l].[Description], [l].[FacebookBanner], [l].[FacebookDescription], [l].[FocusKeywords], [l].[GooglePlusDescription], [l].[IncludeSitemap], [l].[IsStatic], [l].[Keywords], [l].[Language], [l].[Lastmod], [l].[MetaRobotsAdvance], [l].[MetaRobotsFollow], [l].[MetaRobotsIndex], [l].[Name], [l].[ObjectId], [l].[Parrams], [l].[PortalId], [l].[Priority], [l].[Redirect301], [l].[Slug], [l].[Status], [l].[Title], [l].[Type]
FROM [Link] AS [l]
WHERE [l].[Slug] = @__slug_0 AND [l].[Language] = @__language_1
2025-10-27 14:18:50.347 +07:00 [INF] Route matched with {action = "Page404", controller = "Home"}. Executing controller action with signature Microsoft.AspNetCore.Mvc.IActionResult Page404(System.String) on controller PT.UI.Controllers.HomeController (PT.UI).
2025-10-27 14:18:50.365 +07:00 [INF] Executing ViewResult, running view _Home404.
2025-10-27 14:18:50.680 +07:00 [INF] Executed DbCommand (9ms) [Parameters=[@__code_0='?' (Size = 4000), @__language_1='?' (Size = 4000), @__portalId_2='?' (DbType = Int32)], CommandType='"Text"', CommandTimeout='30']
SELECT TOP(1) [m].[Id], [m].[Code], [m].[Content], [m].[Delete], [m].[HasChildrentClass1], [m].[HasChildrentClass2], [m].[HasChildrentClass3], [m].[Language], [m].[Name], [m].[PortalId], [m].[Status], [m].[Template], [m].[Template1], [m].[Template2], [m].[Template3]
FROM [Menu] AS [m]
WHERE [m].[Code] = @__code_0 AND [m].[Delete] = CAST(0 AS bit) AND [m].[Language] = @__language_1 AND [m].[PortalId] = @__portalId_2
2025-10-27 14:18:50.722 +07:00 [INF] Executed DbCommand (8ms) [Parameters=[@__code_0='?' (Size = 4000), @__language_1='?' (Size = 10), @__portalId_2='?' (DbType = Int32)], CommandType='"Text"', CommandTimeout='30']
SELECT TOP(1) [s].[Id], [s].[Code], [s].[Content], [s].[Data], [s].[Delete], [s].[Language], [s].[Name], [s].[ParentId], [s].[PortalId], [s].[Status]
FROM [StaticInformation] AS [s]
WHERE [s].[Code] = @__code_0 AND [s].[Delete] = CAST(0 AS bit) AND [s].[Language] = @__language_1 AND [s].[PortalId] = @__portalId_2
2025-10-27 14:18:50.740 +07:00 [INF] Executed DbCommand (8ms) [Parameters=[@__code_0='?' (Size = 4000), @__language_1='?' (Size = 10), @__portalId_2='?' (DbType = Int32)], CommandType='"Text"', CommandTimeout='30']
SELECT TOP(1) [s].[Id], [s].[Code], [s].[Content], [s].[Data], [s].[Delete], [s].[Language], [s].[Name], [s].[ParentId], [s].[PortalId], [s].[Status]
FROM [StaticInformation] AS [s]
WHERE [s].[Code] = @__code_0 AND [s].[Delete] = CAST(0 AS bit) AND [s].[Language] = @__language_1 AND [s].[PortalId] = @__portalId_2
2025-10-27 14:18:50.775 +07:00 [INF] Executed ViewResult - view _Home404 executed in 412.1959ms.
2025-10-27 14:18:50.781 +07:00 [INF] Executed action PT.UI.Controllers.HomeController.Page404 (PT.UI) in 433.539ms
2025-10-27 14:18:50.794 +07:00 [INF] Request finished HTTP/2 GET https://localhost:44372/ - 200 null text/html; charset=utf-8 2147.1916ms
2025-10-27 14:18:50.815 +07:00 [INF] Request starting HTTP/2 GET https://localhost:44372/_vs/browserLink - null null
2025-10-27 14:18:50.815 +07:00 [INF] Request starting HTTP/2 GET https://localhost:44372/_framework/aspnetcore-browser-refresh.js - null null
2025-10-27 14:18:50.818 +07:00 [INF] Request finished HTTP/2 GET https://localhost:44372/_framework/aspnetcore-browser-refresh.js - 200 16495 application/javascript; charset=utf-8 2.7708ms
2025-10-27 14:18:50.853 +07:00 [INF] Request finished HTTP/2 GET https://localhost:44372/_vs/browserLink - 200 null text/javascript; charset=UTF-8 38.2303ms
2025-10-27 14:19:03.520 +07:00 [INF] Request starting HTTP/2 GET https://localhost:44372/.well-known/appspecific/com.chrome.devtools.json - null null
2025-10-27 14:19:03.525 +07:00 [INF] Request finished HTTP/2 GET https://localhost:44372/.well-known/appspecific/com.chrome.devtools.json - 404 null null 5.4322ms
2025-10-27 14:19:03.526 +07:00 [INF] Request reached the end of the middleware pipeline without being handled by application code. Request path: GET https://localhost:44372/.well-known/appspecific/com.chrome.devtools.json, Response status code: 404
2025-10-27 14:19:13.581 +07:00 [INF] Request starting HTTP/2 GET https://localhost:44372/assets/img/logo/favicon.png - null null
2025-10-27 14:19:13.588 +07:00 [INF] Request finished HTTP/2 GET https://localhost:44372/assets/img/logo/favicon.png - 404 null null 7.162ms
2025-10-27 14:19:13.588 +07:00 [INF] Request reached the end of the middleware pipeline without being handled by application code. Request path: GET https://localhost:44372/assets/img/logo/favicon.png, Response status code: 404
2025-10-27 14:19:14.304 +07:00 [INF] Request starting HTTP/2 GET https://localhost:44372/assets/img/logo/favicon.png - null null
2025-10-27 14:19:14.307 +07:00 [INF] Request finished HTTP/2 GET https://localhost:44372/assets/img/logo/favicon.png - 404 null null 2.8823ms
2025-10-27 14:19:14.307 +07:00 [INF] Request reached the end of the middleware pipeline without being handled by application code. Request path: GET https://localhost:44372/assets/img/logo/favicon.png, Response status code: 404
2025-10-27 14:19:17.344 +07:00 [INF] Request starting HTTP/2 GET https://localhost:44372/ - null null
2025-10-27 14:19:17.425 +07:00 [INF] Executed DbCommand (8ms) [Parameters=[@__slug_0='?' (Size = 4000), @__language_1='?' (Size = 10)], CommandType='"Text"', CommandTimeout='30']
SELECT TOP(1) [l].[Id], [l].[Acction], [l].[Area], [l].[Changefreq], [l].[Controller], [l].[Delete], [l].[Description], [l].[FacebookBanner], [l].[FacebookDescription], [l].[FocusKeywords], [l].[GooglePlusDescription], [l].[IncludeSitemap], [l].[IsStatic], [l].[Keywords], [l].[Language], [l].[Lastmod], [l].[MetaRobotsAdvance], [l].[MetaRobotsFollow], [l].[MetaRobotsIndex], [l].[Name], [l].[ObjectId], [l].[Parrams], [l].[PortalId], [l].[Priority], [l].[Redirect301], [l].[Slug], [l].[Status], [l].[Title], [l].[Type]
FROM [Link] AS [l]
WHERE [l].[Slug] = @__slug_0 AND [l].[Language] = @__language_1
2025-10-27 14:19:17.425 +07:00 [INF] Route matched with {action = "Page404", controller = "Home"}. Executing controller action with signature Microsoft.AspNetCore.Mvc.IActionResult Page404(System.String) on controller PT.UI.Controllers.HomeController (PT.UI).
2025-10-27 14:19:17.426 +07:00 [INF] Executing ViewResult, running view _Home404.
2025-10-27 14:19:17.429 +07:00 [INF] Executed ViewResult - view _Home404 executed in 2.6495ms.
2025-10-27 14:19:17.429 +07:00 [INF] Executed action PT.UI.Controllers.HomeController.Page404 (PT.UI) in 3.4491ms
2025-10-27 14:19:17.429 +07:00 [INF] Request finished HTTP/2 GET https://localhost:44372/ - 200 null text/html; charset=utf-8 85.1568ms
2025-10-27 14:19:17.449 +07:00 [INF] Request starting HTTP/2 GET https://localhost:44372/.well-known/appspecific/com.chrome.devtools.json - null null
2025-10-27 14:19:17.450 +07:00 [INF] Request finished HTTP/2 GET https://localhost:44372/.well-known/appspecific/com.chrome.devtools.json - 404 null null 1.0261ms
2025-10-27 14:19:17.450 +07:00 [INF] Request reached the end of the middleware pipeline without being handled by application code. Request path: GET https://localhost:44372/.well-known/appspecific/com.chrome.devtools.json, Response status code: 404
2025-10-27 14:19:17.458 +07:00 [INF] Request starting HTTP/2 GET https://localhost:44372/assets/css/bootstrap.min.css - null null
2025-10-27 14:19:17.459 +07:00 [INF] Request finished HTTP/2 GET https://localhost:44372/assets/css/bootstrap.min.css - 404 null null 1.0432ms
2025-10-27 14:19:17.459 +07:00 [INF] Request reached the end of the middleware pipeline without being handled by application code. Request path: GET https://localhost:44372/assets/css/bootstrap.min.css, Response status code: 404
2025-10-27 14:19:17.460 +07:00 [INF] Request starting HTTP/2 GET https://localhost:44372/assets/css/all-fontawesome.min.css - null null
2025-10-27 14:19:17.460 +07:00 [INF] Request starting HTTP/2 GET https://localhost:44372/assets/css/animate.min.css - null null
2025-10-27 14:19:17.460 +07:00 [INF] Request starting HTTP/2 GET https://localhost:44372/assets/css/magnific-popup.min.css - null null
2025-10-27 14:19:17.460 +07:00 [INF] Request starting HTTP/2 GET https://localhost:44372/assets/css/owl.carousel.min.css - null null
2025-10-27 14:19:17.460 +07:00 [INF] Request finished HTTP/2 GET https://localhost:44372/assets/css/all-fontawesome.min.css - 404 null null 0.6109ms
2025-10-27 14:19:17.460 +07:00 [INF] Request finished HTTP/2 GET https://localhost:44372/assets/css/animate.min.css - 404 null null 0.6157ms
2025-10-27 14:19:17.461 +07:00 [INF] Request reached the end of the middleware pipeline without being handled by application code. Request path: GET https://localhost:44372/assets/css/all-fontawesome.min.css, Response status code: 404
2025-10-27 14:19:17.461 +07:00 [INF] Request reached the end of the middleware pipeline without being handled by application code. Request path: GET https://localhost:44372/assets/css/animate.min.css, Response status code: 404
2025-10-27 14:19:17.461 +07:00 [INF] Request finished HTTP/2 GET https://localhost:44372/assets/css/magnific-popup.min.css - 404 null null 0.5025ms
2025-10-27 14:19:17.461 +07:00 [INF] Request finished HTTP/2 GET https://localhost:44372/assets/css/owl.carousel.min.css - 404 null null 0.54ms
2025-10-27 14:19:17.461 +07:00 [INF] Request reached the end of the middleware pipeline without being handled by application code. Request path: GET https://localhost:44372/assets/css/magnific-popup.min.css, Response status code: 404
2025-10-27 14:19:17.461 +07:00 [INF] Request reached the end of the middleware pipeline without being handled by application code. Request path: GET https://localhost:44372/assets/css/owl.carousel.min.css, Response status code: 404
2025-10-27 14:19:17.461 +07:00 [INF] Request starting HTTP/2 GET https://localhost:44372/assets/css/style.css - null null
2025-10-27 14:19:17.462 +07:00 [INF] Request starting HTTP/2 GET https://localhost:44372/assets/css/custom.css - null null
2025-10-27 14:19:17.462 +07:00 [INF] Request starting HTTP/2 GET https://localhost:44372/Data/Logo/Logo-ATV.png - null null
2025-10-27 14:19:17.463 +07:00 [INF] Request finished HTTP/2 GET https://localhost:44372/Data/Logo/Logo-ATV.png - 404 null null 0.5921ms
2025-10-27 14:19:17.463 +07:00 [INF] Request reached the end of the middleware pipeline without being handled by application code. Request path: GET https://localhost:44372/Data/Logo/Logo-ATV.png, Response status code: 404
2025-10-27 14:19:17.465 +07:00 [INF] Request starting HTTP/2 GET https://localhost:44372/assets/js/modernizr.min.js - null null
2025-10-27 14:19:17.465 +07:00 [INF] Request starting HTTP/2 GET https://localhost:44372/assets/js/jquery-3.6.0.min.js - null null
2025-10-27 14:19:17.465 +07:00 [INF] Request finished HTTP/2 GET https://localhost:44372/assets/js/jquery-3.6.0.min.js - 404 null null 0.5512ms
2025-10-27 14:19:17.465 +07:00 [INF] Request finished HTTP/2 GET https://localhost:44372/assets/js/modernizr.min.js - 404 null null 0.5644ms
2025-10-27 14:19:17.465 +07:00 [INF] Request reached the end of the middleware pipeline without being handled by application code. Request path: GET https://localhost:44372/assets/js/jquery-3.6.0.min.js, Response status code: 404
2025-10-27 14:19:17.465 +07:00 [INF] Request reached the end of the middleware pipeline without being handled by application code. Request path: GET https://localhost:44372/assets/js/modernizr.min.js, Response status code: 404
2025-10-27 14:19:17.466 +07:00 [INF] Request starting HTTP/2 GET https://localhost:44372/assets/js/bootstrap.bundle.min.js - null null
2025-10-27 14:19:17.466 +07:00 [INF] Request starting HTTP/2 GET https://localhost:44372/assets/js/imagesloaded.pkgd.min.js - null null
2025-10-27 14:19:17.466 +07:00 [INF] Request finished HTTP/2 GET https://localhost:44372/assets/js/imagesloaded.pkgd.min.js - 404 null null 0.4335ms
2025-10-27 14:19:17.466 +07:00 [INF] Request finished HTTP/2 GET https://localhost:44372/assets/js/bootstrap.bundle.min.js - 404 null null 0.4733ms
2025-10-27 14:19:17.467 +07:00 [INF] Request reached the end of the middleware pipeline without being handled by application code. Request path: GET https://localhost:44372/assets/js/imagesloaded.pkgd.min.js, Response status code: 404
2025-10-27 14:19:17.467 +07:00 [INF] Request reached the end of the middleware pipeline without being handled by application code. Request path: GET https://localhost:44372/assets/js/bootstrap.bundle.min.js, Response status code: 404
2025-10-27 14:19:17.467 +07:00 [INF] Request starting HTTP/2 GET https://localhost:44372/assets/js/jquery.magnific-popup.min.js - null null
2025-10-27 14:19:17.506 +07:00 [INF] Request starting HTTP/2 GET https://localhost:44372/_vs/browserLink - null null
2025-10-27 14:19:17.507 +07:00 [INF] Request starting HTTP/2 GET https://localhost:44372/assets/js/isotope.pkgd.min.js - null null
2025-10-27 14:19:17.537 +07:00 [INF] Request finished HTTP/2 GET https://localhost:44372/assets/js/jquery.magnific-popup.min.js - 404 null null 40.5733ms
2025-10-27 14:19:17.537 +07:00 [INF] Request reached the end of the middleware pipeline without being handled by application code. Request path: GET https://localhost:44372/assets/js/jquery.magnific-popup.min.js, Response status code: 404
2025-10-27 14:19:17.538 +07:00 [INF] Request starting HTTP/2 GET https://localhost:44372/assets/js/owl.carousel.min.js - null null
2025-10-27 14:19:17.539 +07:00 [INF] Request starting HTTP/2 GET https://localhost:44372/assets/js/wow.min.js - null null
2025-10-27 14:19:17.539 +07:00 [INF] Request starting HTTP/2 GET https://localhost:44372/assets/js/counter-up.js - null null
2025-10-27 14:19:17.539 +07:00 [INF] Request finished HTTP/2 GET https://localhost:44372/assets/js/isotope.pkgd.min.js - 404 null null 32.445ms
2025-10-27 14:19:17.543 +07:00 [INF] Request reached the end of the middleware pipeline without being handled by application code. Request path: GET https://localhost:44372/assets/js/isotope.pkgd.min.js, Response status code: 404
2025-10-27 14:19:17.544 +07:00 [INF] Request starting HTTP/2 GET https://localhost:44372/_framework/aspnetcore-browser-refresh.js - null null
2025-10-27 14:19:17.544 +07:00 [INF] Request finished HTTP/2 GET https://localhost:44372/assets/js/wow.min.js - 404 null null 5.6067ms
2025-10-27 14:19:17.544 +07:00 [INF] Request starting HTTP/2 GET https://localhost:44372/assets/js/main.js - null null
2025-10-27 14:19:17.546 +07:00 [INF] Request reached the end of the middleware pipeline without being handled by application code. Request path: GET https://localhost:44372/assets/js/wow.min.js, Response status code: 404
2025-10-27 14:19:17.547 +07:00 [INF] Request starting HTTP/2 GET https://localhost:44372/assets/js/jquery.easing.min.js - null null
2025-10-27 14:19:17.547 +07:00 [INF] Request finished HTTP/2 GET https://localhost:44372/_framework/aspnetcore-browser-refresh.js - 200 16495 application/javascript; charset=utf-8 3.2384ms
2025-10-27 14:19:17.547 +07:00 [INF] Request starting HTTP/2 GET https://localhost:44372/assets/js/jquery.appear.min.js - null null
2025-10-27 14:19:17.550 +07:00 [INF] Request finished HTTP/2 GET https://localhost:44372/assets/js/jquery.easing.min.js - 404 null null 3.2105ms
2025-10-27 14:19:17.550 +07:00 [INF] Request finished HTTP/2 GET https://localhost:44372/assets/js/main.js - 404 null null 5.8428ms
2025-10-27 14:19:17.550 +07:00 [INF] Request reached the end of the middleware pipeline without being handled by application code. Request path: GET https://localhost:44372/assets/js/jquery.easing.min.js, Response status code: 404
2025-10-27 14:19:17.550 +07:00 [INF] Request reached the end of the middleware pipeline without being handled by application code. Request path: GET https://localhost:44372/assets/js/main.js, Response status code: 404
2025-10-27 14:19:17.550 +07:00 [INF] Request finished HTTP/2 GET https://localhost:44372/assets/js/jquery.appear.min.js - 404 null null 3.2441ms
2025-10-27 14:19:17.553 +07:00 [INF] Request reached the end of the middleware pipeline without being handled by application code. Request path: GET https://localhost:44372/assets/js/jquery.appear.min.js, Response status code: 404
2025-10-27 14:19:17.557 +07:00 [INF] Sending file. Request path: '/assets/js/counter-up.js'. Physical path: 'D:\DUYHK\Project\2025\Fiingroup-website\6.FE\Portal2\wwwroot\assets\js\counter-up.js'
2025-10-27 14:19:17.557 +07:00 [INF] Request finished HTTP/2 GET https://localhost:44372/assets/js/counter-up.js - 200 2621 text/javascript 18.5685ms
2025-10-27 14:19:17.562 +07:00 [INF] Sending file. Request path: '/assets/js/owl.carousel.min.js'. Physical path: 'D:\DUYHK\Project\2025\Fiingroup-website\6.FE\Portal2\wwwroot\assets\js\owl.carousel.min.js'
2025-10-27 14:19:17.563 +07:00 [INF] Sending file. Request path: '/assets/css/style.css'. Physical path: 'D:\DUYHK\Project\2025\Fiingroup-website\6.FE\Portal2\wwwroot\assets\css\style.css'
2025-10-27 14:19:17.563 +07:00 [INF] Sending file. Request path: '/assets/css/custom.css'. Physical path: 'D:\DUYHK\Project\2025\Fiingroup-website\6.FE\Portal2\wwwroot\assets\css\custom.css'
2025-10-27 14:19:17.564 +07:00 [INF] Request finished HTTP/2 GET https://localhost:44372/_vs/browserLink - 200 null text/javascript; charset=UTF-8 57.9913ms
2025-10-27 14:19:17.564 +07:00 [INF] Request finished HTTP/2 GET https://localhost:44372/assets/js/owl.carousel.min.js - 200 42772 text/javascript 26.7329ms
2025-10-27 14:19:17.565 +07:00 [INF] Request finished HTTP/2 GET https://localhost:44372/assets/css/style.css - 200 null text/css 103.3984ms
2025-10-27 14:19:17.565 +07:00 [INF] Request finished HTTP/2 GET https://localhost:44372/assets/css/custom.css - 200 null text/css 102.7385ms
2025-10-27 14:19:17.600 +07:00 [INF] Request starting HTTP/2 GET https://localhost:44372/favicon.ico - null null
2025-10-27 14:19:17.600 +07:00 [INF] Request finished HTTP/2 GET https://localhost:44372/favicon.ico - 404 null null 0.7053ms
2025-10-27 14:19:17.601 +07:00 [INF] Request reached the end of the middleware pipeline without being handled by application code. Request path: GET https://localhost:44372/favicon.ico, Response status code: 404
